# JRE version: Java(TM) SE Runtime Environment (8.0_221-b11) (build 1.8.0_221-b11)
# Java VM: Java HotSpot(TM) 64-Bit Server VM (25.221-b11 mixed mode windows-amd64 compressed oops)
Heap:
 PSYoungGen      total 147456K, used 70450K [0x00000000f5580000, 0x0000000100000000, 0x0000000100000000)
  eden space 123392K, 41% used [0x00000000f5580000,0x00000000f873cee0,0x00000000fce00000)
  from space 24064K, 81% used [0x00000000fce00000,0x00000000fe10fa48,0x00000000fe580000)
  to   space 27136K, 0% used [0x00000000fe580000,0x00000000fe580000,0x0000000100000000)
 ParOldGen       total 318464K, used 276112K [0x00000000e0000000, 0x00000000f3700000, 0x00000000f5580000)
  object space 318464K, 86% used [0x00000000e0000000,0x00000000f0da40d0,0x00000000f3700000)
 Metaspace       used 105766K, capacity 112582K, committed 112640K, reserved 1146880K
  class space    used 13679K, capacity 15095K, committed 15104K, reserved 1048576K
GC Heap History (10 events):
Event: 12267.477 GC heap before
{Heap before GC invocations=98 (full 5):
 PSYoungGen      total 139776K, used 116928K [0x00000000f5580000, 0x00000000ffb80000, 0x0000000100000000)
  eden space 115712K, 100% used [0x00000000f5580000,0x00000000fc680000,0x00000000fc680000)
  from space 24064K, 5% used [0x00000000fe400000,0x00000000fe530020,0x00000000ffb80000)
  to   space 27136K, 0% used [0x00000000fc680000,0x00000000fc680000,0x00000000fe100000)
 ParOldGen       total 318464K, used 258440K [0x00000000e0000000, 0x00000000f3700000, 0x00000000f5580000)
  object space 318464K, 81% used [0x00000000e0000000,0x00000000efc62188,0x00000000f3700000)
 Metaspace       used 98007K, capacity 104792K, committed 104960K, reserved 1140736K
  class space    used 12815K, capacity 14240K, committed 14336K, reserved 1048576K
Event: 12267.486 GC heap after
Heap after GC invocations=98 (full 5):
 PSYoungGen      total 142848K, used 288K [0x00000000f5580000, 0x0000000100000000, 0x0000000100000000)
  eden space 115712K, 0% used [0x00000000f5580000,0x00000000f5580000,0x00000000fc680000)
  from space 27136K, 1% used [0x00000000fc680000,0x00000000fc6c8000,0x00000000fe100000)
  to   space 26112K, 0% used [0x00000000fe680000,0x00000000fe680000,0x0000000100000000)
 ParOldGen       total 318464K, used 259250K [0x00000000e0000000, 0x00000000f3700000, 0x00000000f5580000)
  object space 318464K, 81% used [0x00000000e0000000,0x00000000efd2cae8,0x00000000f3700000)
 Metaspace       used 98007K, capacity 104792K, committed 104960K, reserved 1140736K
  class space    used 12815K, capacity 14240K, committed 14336K, reserved 1048576K
}
Event: 12270.815 GC heap before
{Heap before GC invocations=99 (full 5):
 PSYoungGen      total 142848K, used 116000K [0x00000000f5580000, 0x0000000100000000, 0x0000000100000000)
  eden space 115712K, 100% used [0x00000000f5580000,0x00000000fc680000,0x00000000fc680000)
  from space 27136K, 1% used [0x00000000fc680000,0x00000000fc6c8000,0x00000000fe100000)
  to   space 26112K, 0% used [0x00000000fe680000,0x00000000fe680000,0x0000000100000000)
 ParOldGen       total 318464K, used 259250K [0x00000000e0000000, 0x00000000f3700000, 0x00000000f5580000)
  object space 318464K, 81% used [0x00000000e0000000,0x00000000efd2cae8,0x00000000f3700000)
 Metaspace       used 103967K, capacity 110834K, committed 110976K, reserved 1144832K
  class space    used 13519K, capacity 14949K, committed 14976K, reserved 1048576K
Event: 12270.837 GC heap after
Heap after GC invocations=99 (full 5):
 PSYoungGen      total 147456K, used 11565K [0x00000000f5580000, 0x0000000100000000, 0x0000000100000000)
  eden space 121344K, 0% used [0x00000000f5580000,0x00000000f5580000,0x00000000fcc00000)
  from space 26112K, 44% used [0x00000000fe680000,0x00000000ff1cb4b0,0x0000000100000000)
  to   space 26624K, 0% used [0x00000000fcc00000,0x00000000fcc00000,0x00000000fe600000)
 ParOldGen       total 318464K, used 259282K [0x00000000e0000000, 0x00000000f3700000, 0x00000000f5580000)
  object space 318464K, 81% used [0x00000000e0000000,0x00000000efd34ae8,0x00000000f3700000)
 Metaspace       used 103967K, capacity 110834K, committed 110976K, reserved 1144832K
  class space    used 13519K, capacity 14949K, committed 14976K, reserved 1048576K
}
Event: 12273.604 GC heap before
{Heap before GC invocations=100 (full 5):
 PSYoungGen      total 147456K, used 132909K [0x00000000f5580000, 0x0000000100000000, 0x0000000100000000)
  eden space 121344K, 100% used [0x00000000f5580000,0x00000000fcc00000,0x00000000fcc00000)
  from space 26112K, 44% used [0x00000000fe680000,0x00000000ff1cb4b0,0x0000000100000000)
  to   space 26624K, 0% used [0x00000000fcc00000,0x00000000fcc00000,0x00000000fe600000)
 ParOldGen       total 318464K, used 259282K [0x00000000e0000000, 0x00000000f3700000, 0x00000000f5580000)
  object space 318464K, 81% used [0x00000000e0000000,0x00000000efd34ae8,0x00000000f3700000)
 Metaspace       used 104706K, capacity 111494K, committed 111872K, reserved 1146880K
  class space    used 13590K, capacity 15021K, committed 15104K, reserved 1048576K
Event: 12273.672 GC heap after
Heap after GC invocations=100 (full 5):
 PSYoungGen      total 131072K, used 9724K [0x00000000f5580000, 0x00000000ffe80000, 0x0000000100000000)
  eden space 121344K, 0% used [0x00000000f5580000,0x00000000f5580000,0x00000000fcc00000)
  from space 9728K, 99% used [0x00000000fcc00000,0x00000000fd57f308,0x00000000fd580000)
  to   space 25600K, 0% used [0x00000000fe580000,0x00000000fe580000,0x00000000ffe80000)
 ParOldGen       total 318464K, used 265733K [0x00000000e0000000, 0x00000000f3700000, 0x00000000f5580000)
  object space 318464K, 83% used [0x00000000e0000000,0x00000000f03815d8,0x00000000f3700000)
 Metaspace       used 104706K, capacity 111494K, committed 111872K, reserved 1146880K
  class space    used 13590K, capacity 15021K, committed 15104K, reserved 1048576K
}
Event: 12276.439 GC heap before
{Heap before GC invocations=101 (full 5):
 PSYoungGen      total 131072K, used 131068K [0x00000000f5580000, 0x00000000ffe80000, 0x0000000100000000)
  eden space 121344K, 100% used [0x00000000f5580000,0x00000000fcc00000,0x00000000fcc00000)
  from space 9728K, 99% used [0x00000000fcc00000,0x00000000fd57f308,0x00000000fd580000)
  to   space 25600K, 0% used [0x00000000fe580000,0x00000000fe580000,0x00000000ffe80000)
 ParOldGen       total 318464K, used 265733K [0x00000000e0000000, 0x00000000f3700000, 0x00000000f5580000)
  object space 318464K, 83% used [0x00000000e0000000,0x00000000f03815d8,0x00000000f3700000)
 Metaspace       used 104713K, capacity 111564K, committed 111872K, reserved 1146880K
  class space    used 13591K, capacity 15022K, committed 15104K, reserved 1048576K
Event: 12276.467 GC heap after
Heap after GC invocations=101 (full 5):
 PSYoungGen      total 148992K, used 4368K [0x00000000f5580000, 0x0000000100000000, 0x0000000100000000)
  eden space 123392K, 0% used [0x00000000f5580000,0x00000000f5580000,0x00000000fce00000)
  from space 25600K, 17% used [0x00000000fe580000,0x00000000fe9c4010,0x00000000ffe80000)
  to   space 24064K, 0% used [0x00000000fce00000,0x00000000fce00000,0x00000000fe580000)
 ParOldGen       total 318464K, used 273245K [0x00000000e0000000, 0x00000000f3700000, 0x00000000f5580000)
  object space 318464K, 85% used [0x00000000e0000000,0x00000000f0ad7650,0x00000000f3700000)
 Metaspace       used 104713K, capacity 111564K, committed 111872K, reserved 1146880K
  class space    used 13591K, capacity 15022K, committed 15104K, reserved 1048576K
}
Event: 12283.549 GC heap before
{Heap before GC invocations=102 (full 5):
 PSYoungGen      total 148992K, used 127760K [0x00000000f5580000, 0x0000000100000000, 0x0000000100000000)
  eden space 123392K, 100% used [0x00000000f5580000,0x00000000fce00000,0x00000000fce00000)
  from space 25600K, 17% used [0x00000000fe580000,0x00000000fe9c4010,0x00000000ffe80000)
  to   space 24064K, 0% used [0x00000000fce00000,0x00000000fce00000,0x00000000fe580000)
 ParOldGen       total 318464K, used 273245K [0x00000000e0000000, 0x00000000f3700000, 0x00000000f5580000)
  object space 318464K, 85% used [0x00000000e0000000,0x00000000f0ad7650,0x00000000f3700000)
 Metaspace       used 105575K, capacity 112450K, committed 112640K, reserved 1146880K
  class space    used 13665K, capacity 15095K, committed 15104K, reserved 1048576K
Event: 12283.590 GC heap after
Heap after GC invocations=102 (full 5):
 PSYoungGen      total 147456K, used 19518K [0x00000000f5580000, 0x0000000100000000, 0x0000000100000000)
  eden space 123392K, 0% used [0x00000000f5580000,0x00000000f5580000,0x00000000fce00000)
  from space 24064K, 81% used [0x00000000fce00000,0x00000000fe10fa48,0x00000000fe580000)
  to   space 27136K, 0% used [0x00000000fe580000,0x00000000fe580000,0x0000000100000000)
 ParOldGen       total 318464K, used 276112K [0x00000000e0000000, 0x00000000f3700000, 0x00000000f5580000)
  object space 318464K, 86% used [0x00000000e0000000,0x00000000f0da40d0,0x00000000f3700000)
 Metaspace       used 105575K, capacity 112450K, committed 112640K, reserved 1146880K
  class space    used 13665K, capacity 15095K, committed 15104K, reserved 1048576K
}

