# JRE version: Java(TM) SE Runtime Environment (8.0_221-b11) (build 1.8.0_221-b11)
# Java VM: Java HotSpot(TM) 64-Bit Server VM (25.221-b11 mixed mode windows-amd64 compressed oops)
Heap:
 PSYoungGen      total 135168K, used 91108K [0x00000000f5580000, 0x0000000100000000, 0x0000000100000000)
  eden space 95744K, 95% used [0x00000000f5580000,0x00000000fae79270,0x00000000fb300000)
  from space 39424K, 0% used [0x00000000fb300000,0x00000000fb300000,0x00000000fd980000)
  to   space 38400K, 0% used [0x00000000fda80000,0x00000000fda80000,0x0000000100000000)
 ParOldGen       total 349696K, used 113321K [0x00000000e0000000, 0x00000000f5580000, 0x00000000f5580000)
  object space 349696K, 32% used [0x00000000e0000000,0x00000000e6eaa7d8,0x00000000f5580000)
 Metaspace       used 112743K, capacity 120704K, committed 121728K, reserved 1155072K
  class space    used 14267K, capacity 15872K, committed 16256K, reserved 1048576K
GC Heap History (10 events):
Event: 16510.570 GC heap before
{Heap before GC invocations=171 (full 8):
 PSYoungGen      total 133632K, used 103952K [0x00000000f5580000, 0x00000000ffc80000, 0x0000000100000000)
  eden space 96256K, 100% used [0x00000000f5580000,0x00000000fb380000,0x00000000fb380000)
  from space 37376K, 20% used [0x00000000fb380000,0x00000000fbb04040,0x00000000fd800000)
  to   space 35840K, 0% used [0x00000000fd980000,0x00000000fd980000,0x00000000ffc80000)
 ParOldGen       total 349696K, used 307878K [0x00000000e0000000, 0x00000000f5580000, 0x00000000f5580000)
  object space 349696K, 88% used [0x00000000e0000000,0x00000000f2ca9880,0x00000000f5580000)
 Metaspace       used 112959K, capacity 121242K, committed 121728K, reserved 1155072K
  class space    used 14316K, capacity 15963K, committed 16256K, reserved 1048576K
Event: 16510.635 GC heap after
Heap after GC invocations=171 (full 8):
 PSYoungGen      total 135680K, used 2240K [0x00000000f5580000, 0x00000000ffd80000, 0x0000000100000000)
  eden space 99840K, 0% used [0x00000000f5580000,0x00000000f5580000,0x00000000fb700000)
  from space 35840K, 6% used [0x00000000fd980000,0x00000000fdbb0000,0x00000000ffc80000)
  to   space 35328K, 0% used [0x00000000fb700000,0x00000000fb700000,0x00000000fd980000)
 ParOldGen       total 349696K, used 314900K [0x00000000e0000000, 0x00000000f5580000, 0x00000000f5580000)
  object space 349696K, 90% used [0x00000000e0000000,0x00000000f33851e0,0x00000000f5580000)
 Metaspace       used 112959K, capacity 121242K, committed 121728K, reserved 1155072K
  class space    used 14316K, capacity 15963K, committed 16256K, reserved 1048576K
}
Event: 16703.259 GC heap before
{Heap before GC invocations=172 (full 8):
 PSYoungGen      total 135680K, used 102080K [0x00000000f5580000, 0x00000000ffd80000, 0x0000000100000000)
  eden space 99840K, 100% used [0x00000000f5580000,0x00000000fb700000,0x00000000fb700000)
  from space 35840K, 6% used [0x00000000fd980000,0x00000000fdbb0000,0x00000000ffc80000)
  to   space 35328K, 0% used [0x00000000fb700000,0x00000000fb700000,0x00000000fd980000)
 ParOldGen       total 349696K, used 314900K [0x00000000e0000000, 0x00000000f5580000, 0x00000000f5580000)
  object space 349696K, 90% used [0x00000000e0000000,0x00000000f33851e0,0x00000000f5580000)
 Metaspace       used 113024K, capacity 121246K, committed 121728K, reserved 1155072K
  class space    used 14317K, capacity 15963K, committed 16256K, reserved 1048576K
Event: 16703.350 GC heap after
Heap after GC invocations=172 (full 8):
 PSYoungGen      total 135168K, used 14891K [0x00000000f5580000, 0x00000000ffd80000, 0x0000000100000000)
  eden space 99840K, 0% used [0x00000000f5580000,0x00000000f5580000,0x00000000fb700000)
  from space 35328K, 42% used [0x00000000fb700000,0x00000000fc58acb0,0x00000000fd980000)
  to   space 34304K, 0% used [0x00000000fdc00000,0x00000000fdc00000,0x00000000ffd80000)
 ParOldGen       total 349696K, used 315917K [0x00000000e0000000, 0x00000000f5580000, 0x00000000f5580000)
  object space 349696K, 90% used [0x00000000e0000000,0x00000000f34836a0,0x00000000f5580000)
 Metaspace       used 113024K, capacity 121246K, committed 121728K, reserved 1155072K
  class space    used 14317K, capacity 15963K, committed 16256K, reserved 1048576K
}
Event: 16705.274 GC heap before
{Heap before GC invocations=173 (full 8):
 PSYoungGen      total 135168K, used 114731K [0x00000000f5580000, 0x00000000ffd80000, 0x0000000100000000)
  eden space 99840K, 100% used [0x00000000f5580000,0x00000000fb700000,0x00000000fb700000)
  from space 35328K, 42% used [0x00000000fb700000,0x00000000fc58acb0,0x00000000fd980000)
  to   space 34304K, 0% used [0x00000000fdc00000,0x00000000fdc00000,0x00000000ffd80000)
 ParOldGen       total 349696K, used 315917K [0x00000000e0000000, 0x00000000f5580000, 0x00000000f5580000)
  object space 349696K, 90% used [0x00000000e0000000,0x00000000f34836a0,0x00000000f5580000)
 Metaspace       used 113037K, capacity 121250K, committed 121728K, reserved 1155072K
  class space    used 14317K, capacity 15963K, committed 16256K, reserved 1048576K
Event: 16705.440 GC heap after
Heap after GC invocations=173 (full 8):
 PSYoungGen      total 130048K, used 31235K [0x00000000f5580000, 0x0000000100000000, 0x0000000100000000)
  eden space 95744K, 0% used [0x00000000f5580000,0x00000000f5580000,0x00000000fb300000)
  from space 34304K, 91% used [0x00000000fdc00000,0x00000000ffa80ec8,0x00000000ffd80000)
  to   space 39424K, 0% used [0x00000000fb300000,0x00000000fb300000,0x00000000fd980000)
 ParOldGen       total 349696K, used 315917K [0x00000000e0000000, 0x00000000f5580000, 0x00000000f5580000)
  object space 349696K, 90% used [0x00000000e0000000,0x00000000f34836a0,0x00000000f5580000)
 Metaspace       used 113037K, capacity 121250K, committed 121728K, reserved 1155072K
  class space    used 14317K, capacity 15963K, committed 16256K, reserved 1048576K
}
Event: 16708.664 GC heap before
{Heap before GC invocations=174 (full 8):
 PSYoungGen      total 130048K, used 126979K [0x00000000f5580000, 0x0000000100000000, 0x0000000100000000)
  eden space 95744K, 100% used [0x00000000f5580000,0x00000000fb300000,0x00000000fb300000)
  from space 34304K, 91% used [0x00000000fdc00000,0x00000000ffa80ec8,0x00000000ffd80000)
  to   space 39424K, 0% used [0x00000000fb300000,0x00000000fb300000,0x00000000fd980000)
 ParOldGen       total 349696K, used 315917K [0x00000000e0000000, 0x00000000f5580000, 0x00000000f5580000)
  object space 349696K, 90% used [0x00000000e0000000,0x00000000f34836a0,0x00000000f5580000)
 Metaspace       used 113044K, capacity 121250K, committed 121728K, reserved 1155072K
  class space    used 14317K, capacity 15963K, committed 16256K, reserved 1048576K
Event: 16708.998 GC heap after
Heap after GC invocations=174 (full 8):
 PSYoungGen      total 135168K, used 2592K [0x00000000f5580000, 0x0000000100000000, 0x0000000100000000)
  eden space 95744K, 0% used [0x00000000f5580000,0x00000000f5580000,0x00000000fb300000)
  from space 39424K, 6% used [0x00000000fb300000,0x00000000fb588128,0x00000000fd980000)
  to   space 38400K, 0% used [0x00000000fda80000,0x00000000fda80000,0x0000000100000000)
 ParOldGen       total 349696K, used 346177K [0x00000000e0000000, 0x00000000f5580000, 0x00000000f5580000)
  object space 349696K, 98% used [0x00000000e0000000,0x00000000f5210528,0x00000000f5580000)
 Metaspace       used 113044K, capacity 121250K, committed 121728K, reserved 1155072K
  class space    used 14317K, capacity 15963K, committed 16256K, reserved 1048576K
}
Event: 16708.998 GC heap before
{Heap before GC invocations=175 (full 9):
 PSYoungGen      total 135168K, used 2592K [0x00000000f5580000, 0x0000000100000000, 0x0000000100000000)
  eden space 95744K, 0% used [0x00000000f5580000,0x00000000f5580000,0x00000000fb300000)
  from space 39424K, 6% used [0x00000000fb300000,0x00000000fb588128,0x00000000fd980000)
  to   space 38400K, 0% used [0x00000000fda80000,0x00000000fda80000,0x0000000100000000)
 ParOldGen       total 349696K, used 346177K [0x00000000e0000000, 0x00000000f5580000, 0x00000000f5580000)
  object space 349696K, 98% used [0x00000000e0000000,0x00000000f5210528,0x00000000f5580000)
 Metaspace       used 113044K, capacity 121250K, committed 121728K, reserved 1155072K
  class space    used 14317K, capacity 15963K, committed 16256K, reserved 1048576K
Event: 16711.239 GC heap after
Heap after GC invocations=175 (full 9):
 PSYoungGen      total 135168K, used 0K [0x00000000f5580000, 0x0000000100000000, 0x0000000100000000)
  eden space 95744K, 0% used [0x00000000f5580000,0x00000000f5580000,0x00000000fb300000)
  from space 39424K, 0% used [0x00000000fb300000,0x00000000fb300000,0x00000000fd980000)
  to   space 38400K, 0% used [0x00000000fda80000,0x00000000fda80000,0x0000000100000000)
 ParOldGen       total 349696K, used 113321K [0x00000000e0000000, 0x00000000f5580000, 0x00000000f5580000)
  object space 349696K, 32% used [0x00000000e0000000,0x00000000e6eaa7d8,0x00000000f5580000)
 Metaspace       used 112712K, capacity 120692K, committed 121728K, reserved 1155072K
  class space    used 14266K, capacity 15870K, committed 16256K, reserved 1048576K
}

