# JRE version: Java(TM) SE Runtime Environment (8.0_221-b11) (build 1.8.0_221-b11)
# Java VM: Java HotSpot(TM) 64-Bit Server VM (25.221-b11 mixed mode windows-amd64 compressed oops)
Heap:
 PSYoungGen      total 138752K, used 7944K [0x00000000f5580000, 0x00000000ffe80000, 0x0000000100000000)
  eden space 105984K, 4% used [0x00000000f5580000,0x00000000f5a48f98,0x00000000fbd00000)
  from space 32768K, 9% used [0x00000000fbd00000,0x00000000fbff92a8,0x00000000fdd00000)
  to   space 31744K, 0% used [0x00000000fdf80000,0x00000000fdf80000,0x00000000ffe80000)
 ParOldGen       total 284160K, used 178881K [0x00000000e0000000, 0x00000000f1580000, 0x00000000f5580000)
  object space 284160K, 62% used [0x00000000e0000000,0x00000000eaeb0530,0x00000000f1580000)
 Metaspace       used 93253K, capacity 98684K, committed 98944K, reserved 1134592K
  class space    used 12444K, capacity 13670K, committed 13696K, reserved 1048576K
GC Heap History (10 events):
Event: 121.604 GC heap before
{Heap before GC invocations=35 (full 4):
 PSYoungGen      total 135680K, used 103983K [0x00000000f5580000, 0x00000000fff00000, 0x0000000100000000)
  eden space 100352K, 100% used [0x00000000f5580000,0x00000000fb780000,0x00000000fb780000)
  from space 35328K, 10% used [0x00000000fda00000,0x00000000fdd8bf20,0x00000000ffc80000)
  to   space 35328K, 0% used [0x00000000fb780000,0x00000000fb780000,0x00000000fda00000)
 ParOldGen       total 284160K, used 163580K [0x00000000e0000000, 0x00000000f1580000, 0x00000000f5580000)
  object space 284160K, 57% used [0x00000000e0000000,0x00000000e9fbf030,0x00000000f1580000)
 Metaspace       used 93109K, capacity 98540K, committed 98688K, reserved 1134592K
  class space    used 12437K, capacity 13668K, committed 13696K, reserved 1048576K
Event: 121.629 GC heap after
Heap after GC invocations=35 (full 4):
 PSYoungGen      total 135680K, used 3412K [0x00000000f5580000, 0x0000000100000000, 0x0000000100000000)
  eden space 100352K, 0% used [0x00000000f5580000,0x00000000f5580000,0x00000000fb780000)
  from space 35328K, 9% used [0x00000000fb780000,0x00000000fbad52d0,0x00000000fda00000)
  to   space 35328K, 0% used [0x00000000fdd80000,0x00000000fdd80000,0x0000000100000000)
 ParOldGen       total 284160K, used 166502K [0x00000000e0000000, 0x00000000f1580000, 0x00000000f5580000)
  object space 284160K, 58% used [0x00000000e0000000,0x00000000ea299a90,0x00000000f1580000)
 Metaspace       used 93109K, capacity 98540K, committed 98688K, reserved 1134592K
  class space    used 12437K, capacity 13668K, committed 13696K, reserved 1048576K
}
Event: 122.347 GC heap before
{Heap before GC invocations=36 (full 4):
 PSYoungGen      total 135680K, used 103764K [0x00000000f5580000, 0x0000000100000000, 0x0000000100000000)
  eden space 100352K, 100% used [0x00000000f5580000,0x00000000fb780000,0x00000000fb780000)
  from space 35328K, 9% used [0x00000000fb780000,0x00000000fbad52d0,0x00000000fda00000)
  to   space 35328K, 0% used [0x00000000fdd80000,0x00000000fdd80000,0x0000000100000000)
 ParOldGen       total 284160K, used 166502K [0x00000000e0000000, 0x00000000f1580000, 0x00000000f5580000)
  object space 284160K, 58% used [0x00000000e0000000,0x00000000ea299a90,0x00000000f1580000)
 Metaspace       used 93142K, capacity 98544K, committed 98688K, reserved 1134592K
  class space    used 12438K, capacity 13668K, committed 13696K, reserved 1048576K
Event: 122.376 GC heap after
Heap after GC invocations=36 (full 4):
 PSYoungGen      total 138240K, used 3040K [0x00000000f5580000, 0x00000000fff00000, 0x0000000100000000)
  eden space 103936K, 0% used [0x00000000f5580000,0x00000000f5580000,0x00000000fbb00000)
  from space 34304K, 8% used [0x00000000fdd80000,0x00000000fe078000,0x00000000fff00000)
  to   space 34816K, 0% used [0x00000000fbb00000,0x00000000fbb00000,0x00000000fdd00000)
 ParOldGen       total 284160K, used 169373K [0x00000000e0000000, 0x00000000f1580000, 0x00000000f5580000)
  object space 284160K, 59% used [0x00000000e0000000,0x00000000ea5674b8,0x00000000f1580000)
 Metaspace       used 93142K, capacity 98544K, committed 98688K, reserved 1134592K
  class space    used 12438K, capacity 13668K, committed 13696K, reserved 1048576K
}
Event: 123.133 GC heap before
{Heap before GC invocations=37 (full 4):
 PSYoungGen      total 138240K, used 106976K [0x00000000f5580000, 0x00000000fff00000, 0x0000000100000000)
  eden space 103936K, 100% used [0x00000000f5580000,0x00000000fbb00000,0x00000000fbb00000)
  from space 34304K, 8% used [0x00000000fdd80000,0x00000000fe078000,0x00000000fff00000)
  to   space 34816K, 0% used [0x00000000fbb00000,0x00000000fbb00000,0x00000000fdd00000)
 ParOldGen       total 284160K, used 169373K [0x00000000e0000000, 0x00000000f1580000, 0x00000000f5580000)
  object space 284160K, 59% used [0x00000000e0000000,0x00000000ea5674b8,0x00000000f1580000)
 Metaspace       used 93180K, capacity 98616K, committed 98688K, reserved 1134592K
  class space    used 12440K, capacity 13670K, committed 13696K, reserved 1048576K
Event: 123.158 GC heap after
Heap after GC invocations=37 (full 4):
 PSYoungGen      total 138752K, used 3606K [0x00000000f5580000, 0x00000000ffe80000, 0x0000000100000000)
  eden space 103936K, 0% used [0x00000000f5580000,0x00000000f5580000,0x00000000fbb00000)
  from space 34816K, 10% used [0x00000000fbb00000,0x00000000fbe85938,0x00000000fdd00000)
  to   space 33792K, 0% used [0x00000000fdd80000,0x00000000fdd80000,0x00000000ffe80000)
 ParOldGen       total 284160K, used 171648K [0x00000000e0000000, 0x00000000f1580000, 0x00000000f5580000)
  object space 284160K, 60% used [0x00000000e0000000,0x00000000ea7a0028,0x00000000f1580000)
 Metaspace       used 93180K, capacity 98616K, committed 98688K, reserved 1134592K
  class space    used 12440K, capacity 13670K, committed 13696K, reserved 1048576K
}
Event: 124.018 GC heap before
{Heap before GC invocations=38 (full 4):
 PSYoungGen      total 138752K, used 107542K [0x00000000f5580000, 0x00000000ffe80000, 0x0000000100000000)
  eden space 103936K, 100% used [0x00000000f5580000,0x00000000fbb00000,0x00000000fbb00000)
  from space 34816K, 10% used [0x00000000fbb00000,0x00000000fbe85938,0x00000000fdd00000)
  to   space 33792K, 0% used [0x00000000fdd80000,0x00000000fdd80000,0x00000000ffe80000)
 ParOldGen       total 284160K, used 171648K [0x00000000e0000000, 0x00000000f1580000, 0x00000000f5580000)
  object space 284160K, 60% used [0x00000000e0000000,0x00000000ea7a0028,0x00000000f1580000)
 Metaspace       used 93208K, capacity 98616K, committed 98688K, reserved 1134592K
  class space    used 12440K, capacity 13670K, committed 13696K, reserved 1048576K
Event: 124.056 GC heap after
Heap after GC invocations=38 (full 4):
 PSYoungGen      total 138240K, used 4749K [0x00000000f5580000, 0x00000000ffd00000, 0x0000000100000000)
  eden space 105984K, 0% used [0x00000000f5580000,0x00000000f5580000,0x00000000fbd00000)
  from space 32256K, 14% used [0x00000000fdd80000,0x00000000fe223418,0x00000000ffd00000)
  to   space 32768K, 0% used [0x00000000fbd00000,0x00000000fbd00000,0x00000000fdd00000)
 ParOldGen       total 284160K, used 174605K [0x00000000e0000000, 0x00000000f1580000, 0x00000000f5580000)
  object space 284160K, 61% used [0x00000000e0000000,0x00000000eaa835f0,0x00000000f1580000)
 Metaspace       used 93208K, capacity 98616K, committed 98688K, reserved 1134592K
  class space    used 12440K, capacity 13670K, committed 13696K, reserved 1048576K
}
Event: 124.765 GC heap before
{Heap before GC invocations=39 (full 4):
 PSYoungGen      total 138240K, used 110733K [0x00000000f5580000, 0x00000000ffd00000, 0x0000000100000000)
  eden space 105984K, 100% used [0x00000000f5580000,0x00000000fbd00000,0x00000000fbd00000)
  from space 32256K, 14% used [0x00000000fdd80000,0x00000000fe223418,0x00000000ffd00000)
  to   space 32768K, 0% used [0x00000000fbd00000,0x00000000fbd00000,0x00000000fdd00000)
 ParOldGen       total 284160K, used 174605K [0x00000000e0000000, 0x00000000f1580000, 0x00000000f5580000)
  object space 284160K, 61% used [0x00000000e0000000,0x00000000eaa835f0,0x00000000f1580000)
 Metaspace       used 93248K, capacity 98684K, committed 98944K, reserved 1134592K
  class space    used 12444K, capacity 13670K, committed 13696K, reserved 1048576K
Event: 124.802 GC heap after
Heap after GC invocations=39 (full 4):
 PSYoungGen      total 138752K, used 3044K [0x00000000f5580000, 0x00000000ffe80000, 0x0000000100000000)
  eden space 105984K, 0% used [0x00000000f5580000,0x00000000f5580000,0x00000000fbd00000)
  from space 32768K, 9% used [0x00000000fbd00000,0x00000000fbff92a8,0x00000000fdd00000)
  to   space 31744K, 0% used [0x00000000fdf80000,0x00000000fdf80000,0x00000000ffe80000)
 ParOldGen       total 284160K, used 178881K [0x00000000e0000000, 0x00000000f1580000, 0x00000000f5580000)
  object space 284160K, 62% used [0x00000000e0000000,0x00000000eaeb0530,0x00000000f1580000)
 Metaspace       used 93248K, capacity 98684K, committed 98944K, reserved 1134592K
  class space    used 12444K, capacity 13670K, committed 13696K, reserved 1048576K
}

