# JRE version: Java(TM) SE Runtime Environment (8.0_221-b11) (build 1.8.0_221-b11)
# Java VM: Java HotSpot(TM) 64-Bit Server VM (25.221-b11 mixed mode windows-amd64 compressed oops)
Heap:
 PSYoungGen      total 121344K, used 20066K [0x00000000f5580000, 0x00000000ffa00000, 0x0000000100000000)
  eden space 77824K, 18% used [0x00000000f5580000,0x00000000f6362060,0x00000000fa180000)
  from space 43520K, 13% used [0x00000000fcf80000,0x00000000fd536840,0x00000000ffa00000)
  to   space 45568K, 0% used [0x00000000fa180000,0x00000000fa180000,0x00000000fce00000)
 ParOldGen       total 175104K, used 143130K [0x00000000e0000000, 0x00000000eab00000, 0x00000000f5580000)
  object space 175104K, 81% used [0x00000000e0000000,0x00000000e8bc69e8,0x00000000eab00000)
 Metaspace       used 78212K, capacity 82998K, committed 83584K, reserved 1120256K
  class space    used 10857K, capacity 11975K, committed 12160K, reserved 1048576K
GC Heap History (10 events):
Event: 95.811 GC heap before
{Heap before GC invocations=26 (full 4):
 PSYoungGen      total 76800K, used 74240K [0x00000000f5580000, 0x00000000fff00000, 0x0000000100000000)
  eden space 74240K, 100% used [0x00000000f5580000,0x00000000f9e00000,0x00000000f9e00000)
  from space 2560K, 0% used [0x00000000f9e00000,0x00000000f9e00000,0x00000000fa080000)
  to   space 49664K, 0% used [0x00000000fce80000,0x00000000fce80000,0x00000000fff00000)
 ParOldGen       total 175104K, used 136959K [0x00000000e0000000, 0x00000000eab00000, 0x00000000f5580000)
  object space 175104K, 78% used [0x00000000e0000000,0x00000000e85bfe48,0x00000000eab00000)
 Metaspace       used 78126K, capacity 82968K, committed 83584K, reserved 1120256K
  class space    used 10854K, capacity 11970K, committed 12160K, reserved 1048576K
Event: 95.841 GC heap after
Heap after GC invocations=26 (full 4):
 PSYoungGen      total 124416K, used 3117K [0x00000000f5580000, 0x0000000100000000, 0x0000000100000000)
  eden space 74752K, 0% used [0x00000000f5580000,0x00000000f5580000,0x00000000f9e80000)
  from space 49664K, 6% used [0x00000000fce80000,0x00000000fd18b690,0x00000000fff00000)
  to   space 49152K, 0% used [0x00000000f9e80000,0x00000000f9e80000,0x00000000fce80000)
 ParOldGen       total 175104K, used 136959K [0x00000000e0000000, 0x00000000eab00000, 0x00000000f5580000)
  object space 175104K, 78% used [0x00000000e0000000,0x00000000e85bfe48,0x00000000eab00000)
 Metaspace       used 78126K, capacity 82968K, committed 83584K, reserved 1120256K
  class space    used 10854K, capacity 11970K, committed 12160K, reserved 1048576K
}
Event: 96.730 GC heap before
{Heap before GC invocations=27 (full 4):
 PSYoungGen      total 124416K, used 77869K [0x00000000f5580000, 0x0000000100000000, 0x0000000100000000)
  eden space 74752K, 100% used [0x00000000f5580000,0x00000000f9e80000,0x00000000f9e80000)
  from space 49664K, 6% used [0x00000000fce80000,0x00000000fd18b690,0x00000000fff00000)
  to   space 49152K, 0% used [0x00000000f9e80000,0x00000000f9e80000,0x00000000fce80000)
 ParOldGen       total 175104K, used 136959K [0x00000000e0000000, 0x00000000eab00000, 0x00000000f5580000)
  object space 175104K, 78% used [0x00000000e0000000,0x00000000e85bfe48,0x00000000eab00000)
 Metaspace       used 78137K, capacity 82968K, committed 83584K, reserved 1120256K
  class space    used 10854K, capacity 11970K, committed 12160K, reserved 1048576K
Event: 96.755 GC heap after
Heap after GC invocations=27 (full 4):
 PSYoungGen      total 79360K, used 4242K [0x00000000f5580000, 0x00000000ffc80000, 0x0000000100000000)
  eden space 74752K, 0% used [0x00000000f5580000,0x00000000f5580000,0x00000000f9e80000)
  from space 4608K, 92% used [0x00000000f9e80000,0x00000000fa2a4920,0x00000000fa300000)
  to   space 47616K, 0% used [0x00000000fce00000,0x00000000fce00000,0x00000000ffc80000)
 ParOldGen       total 175104K, used 136967K [0x00000000e0000000, 0x00000000eab00000, 0x00000000f5580000)
  object space 175104K, 78% used [0x00000000e0000000,0x00000000e85c1e48,0x00000000eab00000)
 Metaspace       used 78137K, capacity 82968K, committed 83584K, reserved 1120256K
  class space    used 10854K, capacity 11970K, committed 12160K, reserved 1048576K
}
Event: 97.785 GC heap before
{Heap before GC invocations=28 (full 4):
 PSYoungGen      total 79360K, used 78994K [0x00000000f5580000, 0x00000000ffc80000, 0x0000000100000000)
  eden space 74752K, 100% used [0x00000000f5580000,0x00000000f9e80000,0x00000000f9e80000)
  from space 4608K, 92% used [0x00000000f9e80000,0x00000000fa2a4920,0x00000000fa300000)
  to   space 47616K, 0% used [0x00000000fce00000,0x00000000fce00000,0x00000000ffc80000)
 ParOldGen       total 175104K, used 136967K [0x00000000e0000000, 0x00000000eab00000, 0x00000000f5580000)
  object space 175104K, 78% used [0x00000000e0000000,0x00000000e85c1e48,0x00000000eab00000)
 Metaspace       used 78176K, capacity 82998K, committed 83584K, reserved 1120256K
  class space    used 10857K, capacity 11975K, committed 12160K, reserved 1048576K
Event: 97.830 GC heap after
Heap after GC invocations=28 (full 4):
 PSYoungGen      total 125440K, used 6697K [0x00000000f5580000, 0x0000000100000000, 0x0000000100000000)
  eden space 77824K, 0% used [0x00000000f5580000,0x00000000f5580000,0x00000000fa180000)
  from space 47616K, 14% used [0x00000000fce00000,0x00000000fd48a788,0x00000000ffc80000)
  to   space 45568K, 0% used [0x00000000fa180000,0x00000000fa180000,0x00000000fce00000)
 ParOldGen       total 175104K, used 136967K [0x00000000e0000000, 0x00000000eab00000, 0x00000000f5580000)
  object space 175104K, 78% used [0x00000000e0000000,0x00000000e85c1e48,0x00000000eab00000)
 Metaspace       used 78176K, capacity 82998K, committed 83584K, reserved 1120256K
  class space    used 10857K, capacity 11975K, committed 12160K, reserved 1048576K
}
Event: 99.075 GC heap before
{Heap before GC invocations=29 (full 4):
 PSYoungGen      total 125440K, used 84521K [0x00000000f5580000, 0x0000000100000000, 0x0000000100000000)
  eden space 77824K, 100% used [0x00000000f5580000,0x00000000fa180000,0x00000000fa180000)
  from space 47616K, 14% used [0x00000000fce00000,0x00000000fd48a788,0x00000000ffc80000)
  to   space 45568K, 0% used [0x00000000fa180000,0x00000000fa180000,0x00000000fce00000)
 ParOldGen       total 175104K, used 136967K [0x00000000e0000000, 0x00000000eab00000, 0x00000000f5580000)
  object space 175104K, 78% used [0x00000000e0000000,0x00000000e85c1e48,0x00000000eab00000)
 Metaspace       used 78198K, capacity 82998K, committed 83584K, reserved 1120256K
  class space    used 10857K, capacity 11975K, committed 12160K, reserved 1048576K
Event: 99.153 GC heap after
Heap after GC invocations=29 (full 4):
 PSYoungGen      total 123392K, used 6501K [0x00000000f5580000, 0x00000000ffa00000, 0x0000000100000000)
  eden space 77824K, 0% used [0x00000000f5580000,0x00000000f5580000,0x00000000fa180000)
  from space 45568K, 14% used [0x00000000fa180000,0x00000000fa7d9668,0x00000000fce00000)
  to   space 43520K, 0% used [0x00000000fcf80000,0x00000000fcf80000,0x00000000ffa00000)
 ParOldGen       total 175104K, used 139735K [0x00000000e0000000, 0x00000000eab00000, 0x00000000f5580000)
  object space 175104K, 79% used [0x00000000e0000000,0x00000000e8875f30,0x00000000eab00000)
 Metaspace       used 78198K, capacity 82998K, committed 83584K, reserved 1120256K
  class space    used 10857K, capacity 11975K, committed 12160K, reserved 1048576K
}
Event: 100.193 GC heap before
{Heap before GC invocations=30 (full 4):
 PSYoungGen      total 123392K, used 84325K [0x00000000f5580000, 0x00000000ffa00000, 0x0000000100000000)
  eden space 77824K, 100% used [0x00000000f5580000,0x00000000fa180000,0x00000000fa180000)
  from space 45568K, 14% used [0x00000000fa180000,0x00000000fa7d9668,0x00000000fce00000)
  to   space 43520K, 0% used [0x00000000fcf80000,0x00000000fcf80000,0x00000000ffa00000)
 ParOldGen       total 175104K, used 139735K [0x00000000e0000000, 0x00000000eab00000, 0x00000000f5580000)
  object space 175104K, 79% used [0x00000000e0000000,0x00000000e8875f30,0x00000000eab00000)
 Metaspace       used 78208K, capacity 82998K, committed 83584K, reserved 1120256K
  class space    used 10857K, capacity 11975K, committed 12160K, reserved 1048576K
Event: 100.264 GC heap after
Heap after GC invocations=30 (full 4):
 PSYoungGen      total 121344K, used 5850K [0x00000000f5580000, 0x00000000ffa00000, 0x0000000100000000)
  eden space 77824K, 0% used [0x00000000f5580000,0x00000000f5580000,0x00000000fa180000)
  from space 43520K, 13% used [0x00000000fcf80000,0x00000000fd536840,0x00000000ffa00000)
  to   space 45568K, 0% used [0x00000000fa180000,0x00000000fa180000,0x00000000fce00000)
 ParOldGen       total 175104K, used 143130K [0x00000000e0000000, 0x00000000eab00000, 0x00000000f5580000)
  object space 175104K, 81% used [0x00000000e0000000,0x00000000e8bc69e8,0x00000000eab00000)
 Metaspace       used 78208K, capacity 82998K, committed 83584K, reserved 1120256K
  class space    used 10857K, capacity 11975K, committed 12160K, reserved 1048576K
}

