# JRE version: Java(TM) SE Runtime Environment (8.0_221-b11) (build 1.8.0_221-b11)
# Java VM: Java HotSpot(TM) 64-Bit Server VM (25.221-b11 mixed mode windows-amd64 compressed oops)
Heap:
 PSYoungGen      total 69632K, used 31626K [0x00000000d5580000, 0x00000000da080000, 0x0000000100000000)
  eden space 62976K, 50% used [0x00000000d5580000,0x00000000d74628a0,0x00000000d9300000)
  from space 6656K, 0% used [0x00000000d9300000,0x00000000d9300000,0x00000000d9980000)
  to   space 6144K, 0% used [0x00000000d9980000,0x00000000d9980000,0x00000000d9f80000)
 ParOldGen       total 35328K, used 9408K [0x0000000080000000, 0x0000000082280000, 0x00000000d5580000)
  object space 35328K, 26% used [0x0000000080000000,0x0000000080930140,0x0000000082280000)
 Metaspace       used 25706K, capacity 26248K, committed 26624K, reserved 1073152K
  class space    used 3546K, capacity 3728K, committed 3840K, reserved 1048576K
GC Heap History (10 events):
Event: 2.983 GC heap before
{Heap before GC invocations=6 (full 0):
 PSYoungGen      total 18944K, used 18928K [0x00000000d5580000, 0x00000000d7e80000, 0x0000000100000000)
  eden space 16384K, 100% used [0x00000000d5580000,0x00000000d6580000,0x00000000d6580000)
  from space 2560K, 99% used [0x00000000d6580000,0x00000000d67fc030,0x00000000d6800000)
  to   space 4608K, 0% used [0x00000000d7a00000,0x00000000d7a00000,0x00000000d7e80000)
 ParOldGen       total 44032K, used 2691K [0x0000000080000000, 0x0000000082b00000, 0x00000000d5580000)
  object space 44032K, 6% used [0x0000000080000000,0x00000000802a0d08,0x0000000082b00000)
 Metaspace       used 11977K, capacity 12302K, committed 12544K, reserved 1060864K
  class space    used 1656K, capacity 1779K, committed 1792K, reserved 1048576K
Event: 2.991 GC heap after
Heap after GC invocations=6 (full 0):
 PSYoungGen      total 36352K, used 4596K [0x00000000d5580000, 0x00000000d8080000, 0x0000000100000000)
  eden space 31744K, 0% used [0x00000000d5580000,0x00000000d5580000,0x00000000d7480000)
  from space 4608K, 99% used [0x00000000d7a00000,0x00000000d7e7d090,0x00000000d7e80000)
  to   space 5632K, 0% used [0x00000000d7480000,0x00000000d7480000,0x00000000d7a00000)
 ParOldGen       total 44032K, used 2939K [0x0000000080000000, 0x0000000082b00000, 0x00000000d5580000)
  object space 44032K, 6% used [0x0000000080000000,0x00000000802deea8,0x0000000082b00000)
 Metaspace       used 11977K, capacity 12302K, committed 12544K, reserved 1060864K
  class space    used 1656K, capacity 1779K, committed 1792K, reserved 1048576K
}
Event: 3.512 GC heap before
{Heap before GC invocations=7 (full 0):
 PSYoungGen      total 36352K, used 36340K [0x00000000d5580000, 0x00000000d8080000, 0x0000000100000000)
  eden space 31744K, 100% used [0x00000000d5580000,0x00000000d7480000,0x00000000d7480000)
  from space 4608K, 99% used [0x00000000d7a00000,0x00000000d7e7d090,0x00000000d7e80000)
  to   space 5632K, 0% used [0x00000000d7480000,0x00000000d7480000,0x00000000d7a00000)
 ParOldGen       total 44032K, used 2939K [0x0000000080000000, 0x0000000082b00000, 0x00000000d5580000)
  object space 44032K, 6% used [0x0000000080000000,0x00000000802deea8,0x0000000082b00000)
 Metaspace       used 14403K, capacity 14678K, committed 14976K, reserved 1062912K
  class space    used 2067K, capacity 2165K, committed 2176K, reserved 1048576K
Event: 3.524 GC heap after
Heap after GC invocations=7 (full 0):
 PSYoungGen      total 37376K, used 5288K [0x00000000d5580000, 0x00000000d9f80000, 0x0000000100000000)
  eden space 31744K, 0% used [0x00000000d5580000,0x00000000d5580000,0x00000000d7480000)
  from space 5632K, 93% used [0x00000000d7480000,0x00000000d79aa3d0,0x00000000d7a00000)
  to   space 6144K, 0% used [0x00000000d9980000,0x00000000d9980000,0x00000000d9f80000)
 ParOldGen       total 44032K, used 4403K [0x0000000080000000, 0x0000000082b00000, 0x00000000d5580000)
  object space 44032K, 10% used [0x0000000080000000,0x000000008044cf18,0x0000000082b00000)
 Metaspace       used 14403K, capacity 14678K, committed 14976K, reserved 1062912K
  class space    used 2067K, capacity 2165K, committed 2176K, reserved 1048576K
}
Event: 4.291 GC heap before
{Heap before GC invocations=8 (full 0):
 PSYoungGen      total 37376K, used 37032K [0x00000000d5580000, 0x00000000d9f80000, 0x0000000100000000)
  eden space 31744K, 100% used [0x00000000d5580000,0x00000000d7480000,0x00000000d7480000)
  from space 5632K, 93% used [0x00000000d7480000,0x00000000d79aa3d0,0x00000000d7a00000)
  to   space 6144K, 0% used [0x00000000d9980000,0x00000000d9980000,0x00000000d9f80000)
 ParOldGen       total 44032K, used 4403K [0x0000000080000000, 0x0000000082b00000, 0x00000000d5580000)
  object space 44032K, 10% used [0x0000000080000000,0x000000008044cf18,0x0000000082b00000)
 Metaspace       used 17370K, capacity 17884K, committed 18176K, reserved 1064960K
  class space    used 2549K, capacity 2720K, committed 2816K, reserved 1048576K
Event: 4.308 GC heap after
Heap after GC invocations=8 (full 0):
 PSYoungGen      total 69120K, used 5692K [0x00000000d5580000, 0x00000000da080000, 0x0000000100000000)
  eden space 62976K, 0% used [0x00000000d5580000,0x00000000d5580000,0x00000000d9300000)
  from space 6144K, 92% used [0x00000000d9980000,0x00000000d9f0f018,0x00000000d9f80000)
  to   space 6656K, 0% used [0x00000000d9300000,0x00000000d9300000,0x00000000d9980000)
 ParOldGen       total 44032K, used 5011K [0x0000000080000000, 0x0000000082b00000, 0x00000000d5580000)
  object space 44032K, 11% used [0x0000000080000000,0x00000000804e4f18,0x0000000082b00000)
 Metaspace       used 17370K, capacity 17884K, committed 18176K, reserved 1064960K
  class space    used 2549K, capacity 2720K, committed 2816K, reserved 1048576K
}
Event: 4.969 GC heap before
{Heap before GC invocations=9 (full 0):
 PSYoungGen      total 69120K, used 34705K [0x00000000d5580000, 0x00000000da080000, 0x0000000100000000)
  eden space 62976K, 46% used [0x00000000d5580000,0x00000000d71d5498,0x00000000d9300000)
  from space 6144K, 92% used [0x00000000d9980000,0x00000000d9f0f018,0x00000000d9f80000)
  to   space 6656K, 0% used [0x00000000d9300000,0x00000000d9300000,0x00000000d9980000)
 ParOldGen       total 44032K, used 5011K [0x0000000080000000, 0x0000000082b00000, 0x00000000d5580000)
  object space 44032K, 11% used [0x0000000080000000,0x00000000804e4f18,0x0000000082b00000)
 Metaspace       used 20697K, capacity 21108K, committed 21296K, reserved 1067008K
  class space    used 3006K, capacity 3172K, committed 3200K, reserved 1048576K
Event: 4.986 GC heap after
Heap after GC invocations=9 (full 0):
 PSYoungGen      total 69632K, used 5766K [0x00000000d5580000, 0x00000000da080000, 0x0000000100000000)
  eden space 62976K, 0% used [0x00000000d5580000,0x00000000d5580000,0x00000000d9300000)
  from space 6656K, 86% used [0x00000000d9300000,0x00000000d98a1a90,0x00000000d9980000)
  to   space 6144K, 0% used [0x00000000d9980000,0x00000000d9980000,0x00000000d9f80000)
 ParOldGen       total 44032K, used 6227K [0x0000000080000000, 0x0000000082b00000, 0x00000000d5580000)
  object space 44032K, 14% used [0x0000000080000000,0x0000000080614f90,0x0000000082b00000)
 Metaspace       used 20697K, capacity 21108K, committed 21296K, reserved 1067008K
  class space    used 3006K, capacity 3172K, committed 3200K, reserved 1048576K
}
Event: 4.986 GC heap before
{Heap before GC invocations=10 (full 1):
 PSYoungGen      total 69632K, used 5766K [0x00000000d5580000, 0x00000000da080000, 0x0000000100000000)
  eden space 62976K, 0% used [0x00000000d5580000,0x00000000d5580000,0x00000000d9300000)
  from space 6656K, 86% used [0x00000000d9300000,0x00000000d98a1a90,0x00000000d9980000)
  to   space 6144K, 0% used [0x00000000d9980000,0x00000000d9980000,0x00000000d9f80000)
 ParOldGen       total 44032K, used 6227K [0x0000000080000000, 0x0000000082b00000, 0x00000000d5580000)
  object space 44032K, 14% used [0x0000000080000000,0x0000000080614f90,0x0000000082b00000)
 Metaspace       used 20697K, capacity 21108K, committed 21296K, reserved 1067008K
  class space    used 3006K, capacity 3172K, committed 3200K, reserved 1048576K
Event: 5.065 GC heap after
Heap after GC invocations=10 (full 1):
 PSYoungGen      total 69632K, used 0K [0x00000000d5580000, 0x00000000da080000, 0x0000000100000000)
  eden space 62976K, 0% used [0x00000000d5580000,0x00000000d5580000,0x00000000d9300000)
  from space 6656K, 0% used [0x00000000d9300000,0x00000000d9300000,0x00000000d9980000)
  to   space 6144K, 0% used [0x00000000d9980000,0x00000000d9980000,0x00000000d9f80000)
 ParOldGen       total 35328K, used 9408K [0x0000000080000000, 0x0000000082280000, 0x00000000d5580000)
  object space 35328K, 26% used [0x0000000080000000,0x0000000080930140,0x0000000082280000)
 Metaspace       used 20697K, capacity 21108K, committed 21296K, reserved 1067008K
  class space    used 3006K, capacity 3172K, committed 3200K, reserved 1048576K
}

