# JRE version: Java(TM) SE Runtime Environment (8.0_221-b11) (build 1.8.0_221-b11)
# Java VM: Java HotSpot(TM) 64-Bit Server VM (25.221-b11 mixed mode windows-amd64 compressed oops)
Heap:
 PSYoungGen      total 133632K, used 83369K [0x00000000f5580000, 0x0000000100000000, 0x0000000100000000)
  eden space 108032K, 53% used [0x00000000f5580000,0x00000000f8ded7b8,0x00000000fbf00000)
  from space 25600K, 99% used [0x00000000fe500000,0x00000000ffdfcfe8,0x00000000ffe00000)
  to   space 33280K, 0% used [0x00000000fbf00000,0x00000000fbf00000,0x00000000fdf80000)
 ParOldGen       total 175104K, used 107147K [0x00000000e0000000, 0x00000000eab00000, 0x00000000f5580000)
  object space 175104K, 61% used [0x00000000e0000000,0x00000000e68a2c90,0x00000000eab00000)
 Metaspace       used 76820K, capacity 81916K, committed 82176K, reserved 1120256K
  class space    used 10799K, capacity 11988K, committed 12032K, reserved 1048576K
GC Heap History (10 events):
Event: 38.778 GC heap before
{Heap before GC invocations=15 (full 3):
 PSYoungGen      total 141312K, used 141004K [0x00000000f5580000, 0x0000000100000000, 0x0000000100000000)
  eden space 123392K, 100% used [0x00000000f5580000,0x00000000fce00000,0x00000000fce00000)
  from space 17920K, 98% used [0x00000000fce00000,0x00000000fdf33178,0x00000000fdf80000)
  to   space 26112K, 0% used [0x00000000fe680000,0x00000000fe680000,0x0000000100000000)
 ParOldGen       total 175104K, used 49790K [0x00000000e0000000, 0x00000000eab00000, 0x00000000f5580000)
  object space 175104K, 28% used [0x00000000e0000000,0x00000000e309fbd0,0x00000000eab00000)
 Metaspace       used 66931K, capacity 70902K, committed 71168K, reserved 1110016K
  class space    used 9356K, capacity 10405K, committed 10496K, reserved 1048576K
Event: 38.904 GC heap after
Heap after GC invocations=15 (full 3):
 PSYoungGen      total 147456K, used 19060K [0x00000000f5580000, 0x0000000100000000, 0x0000000100000000)
  eden space 121344K, 0% used [0x00000000f5580000,0x00000000f5580000,0x00000000fcc00000)
  from space 26112K, 72% used [0x00000000fe680000,0x00000000ff91d058,0x0000000100000000)
  to   space 26624K, 0% used [0x00000000fcc00000,0x00000000fcc00000,0x00000000fe600000)
 ParOldGen       total 175104K, used 64932K [0x00000000e0000000, 0x00000000eab00000, 0x00000000f5580000)
  object space 175104K, 37% used [0x00000000e0000000,0x00000000e3f690a0,0x00000000eab00000)
 Metaspace       used 66931K, capacity 70902K, committed 71168K, reserved 1110016K
  class space    used 9356K, capacity 10405K, committed 10496K, reserved 1048576K
}
Event: 42.658 GC heap before
{Heap before GC invocations=16 (full 3):
 PSYoungGen      total 147456K, used 140404K [0x00000000f5580000, 0x0000000100000000, 0x0000000100000000)
  eden space 121344K, 100% used [0x00000000f5580000,0x00000000fcc00000,0x00000000fcc00000)
  from space 26112K, 72% used [0x00000000fe680000,0x00000000ff91d058,0x0000000100000000)
  to   space 26624K, 0% used [0x00000000fcc00000,0x00000000fcc00000,0x00000000fe600000)
 ParOldGen       total 175104K, used 64932K [0x00000000e0000000, 0x00000000eab00000, 0x00000000f5580000)
  object space 175104K, 37% used [0x00000000e0000000,0x00000000e3f690a0,0x00000000eab00000)
 Metaspace       used 68318K, capacity 72464K, committed 72576K, reserved 1112064K
  class space    used 9561K, capacity 10602K, committed 10624K, reserved 1048576K
Event: 42.725 GC heap after
Heap after GC invocations=16 (full 3):
 PSYoungGen      total 147968K, used 7737K [0x00000000f5580000, 0x0000000100000000, 0x0000000100000000)
  eden space 121344K, 0% used [0x00000000f5580000,0x00000000f5580000,0x00000000fcc00000)
  from space 26624K, 29% used [0x00000000fcc00000,0x00000000fd38e4e8,0x00000000fe600000)
  to   space 26624K, 0% used [0x00000000fe600000,0x00000000fe600000,0x0000000100000000)
 ParOldGen       total 175104K, used 82556K [0x00000000e0000000, 0x00000000eab00000, 0x00000000f5580000)
  object space 175104K, 47% used [0x00000000e0000000,0x00000000e509f090,0x00000000eab00000)
 Metaspace       used 68318K, capacity 72464K, committed 72576K, reserved 1112064K
  class space    used 9561K, capacity 10602K, committed 10624K, reserved 1048576K
}
Event: 46.862 GC heap before
{Heap before GC invocations=17 (full 3):
 PSYoungGen      total 147968K, used 129081K [0x00000000f5580000, 0x0000000100000000, 0x0000000100000000)
  eden space 121344K, 100% used [0x00000000f5580000,0x00000000fcc00000,0x00000000fcc00000)
  from space 26624K, 29% used [0x00000000fcc00000,0x00000000fd38e4e8,0x00000000fe600000)
  to   space 26624K, 0% used [0x00000000fe600000,0x00000000fe600000,0x0000000100000000)
 ParOldGen       total 175104K, used 82556K [0x00000000e0000000, 0x00000000eab00000, 0x00000000f5580000)
  object space 175104K, 47% used [0x00000000e0000000,0x00000000e509f090,0x00000000eab00000)
 Metaspace       used 68706K, capacity 73158K, committed 73472K, reserved 1112064K
  class space    used 9604K, capacity 10673K, committed 10752K, reserved 1048576K
Event: 46.893 GC heap after
Heap after GC invocations=17 (full 3):
 PSYoungGen      total 147968K, used 7872K [0x00000000f5580000, 0x0000000100000000, 0x0000000100000000)
  eden space 121344K, 0% used [0x00000000f5580000,0x00000000f5580000,0x00000000fcc00000)
  from space 26624K, 29% used [0x00000000fe600000,0x00000000fedb0040,0x0000000100000000)
  to   space 26624K, 0% used [0x00000000fcc00000,0x00000000fcc00000,0x00000000fe600000)
 ParOldGen       total 175104K, used 89118K [0x00000000e0000000, 0x00000000eab00000, 0x00000000f5580000)
  object space 175104K, 50% used [0x00000000e0000000,0x00000000e5707ae8,0x00000000eab00000)
 Metaspace       used 68706K, capacity 73158K, committed 73472K, reserved 1112064K
  class space    used 9604K, capacity 10673K, committed 10752K, reserved 1048576K
}
Event: 50.154 GC heap before
{Heap before GC invocations=18 (full 3):
 PSYoungGen      total 147968K, used 129216K [0x00000000f5580000, 0x0000000100000000, 0x0000000100000000)
  eden space 121344K, 100% used [0x00000000f5580000,0x00000000fcc00000,0x00000000fcc00000)
  from space 26624K, 29% used [0x00000000fe600000,0x00000000fedb0040,0x0000000100000000)
  to   space 26624K, 0% used [0x00000000fcc00000,0x00000000fcc00000,0x00000000fe600000)
 ParOldGen       total 175104K, used 89118K [0x00000000e0000000, 0x00000000eab00000, 0x00000000f5580000)
  object space 175104K, 50% used [0x00000000e0000000,0x00000000e5707ae8,0x00000000eab00000)
 Metaspace       used 70617K, capacity 75272K, committed 75520K, reserved 1114112K
  class space    used 9867K, capacity 11002K, committed 11008K, reserved 1048576K
Event: 50.213 GC heap after
Heap after GC invocations=18 (full 3):
 PSYoungGen      total 131584K, used 10153K [0x00000000f5580000, 0x00000000ffe00000, 0x0000000100000000)
  eden space 121344K, 0% used [0x00000000f5580000,0x00000000f5580000,0x00000000fcc00000)
  from space 10240K, 99% used [0x00000000fcc00000,0x00000000fd5ea580,0x00000000fd600000)
  to   space 25600K, 0% used [0x00000000fe500000,0x00000000fe500000,0x00000000ffe00000)
 ParOldGen       total 175104K, used 96276K [0x00000000e0000000, 0x00000000eab00000, 0x00000000f5580000)
  object space 175104K, 54% used [0x00000000e0000000,0x00000000e5e053a0,0x00000000eab00000)
 Metaspace       used 70617K, capacity 75272K, committed 75520K, reserved 1114112K
  class space    used 9867K, capacity 11002K, committed 11008K, reserved 1048576K
}
Event: 52.411 GC heap before
{Heap before GC invocations=19 (full 3):
 PSYoungGen      total 131584K, used 131497K [0x00000000f5580000, 0x00000000ffe00000, 0x0000000100000000)
  eden space 121344K, 100% used [0x00000000f5580000,0x00000000fcc00000,0x00000000fcc00000)
  from space 10240K, 99% used [0x00000000fcc00000,0x00000000fd5ea580,0x00000000fd600000)
  to   space 25600K, 0% used [0x00000000fe500000,0x00000000fe500000,0x00000000ffe00000)
 ParOldGen       total 175104K, used 96276K [0x00000000e0000000, 0x00000000eab00000, 0x00000000f5580000)
  object space 175104K, 54% used [0x00000000e0000000,0x00000000e5e053a0,0x00000000eab00000)
 Metaspace       used 73326K, capacity 78100K, committed 78208K, reserved 1116160K
  class space    used 10235K, capacity 11364K, committed 11392K, reserved 1048576K
Event: 52.502 GC heap after
Heap after GC invocations=19 (full 3):
 PSYoungGen      total 133632K, used 25587K [0x00000000f5580000, 0x0000000100000000, 0x0000000100000000)
  eden space 108032K, 0% used [0x00000000f5580000,0x00000000f5580000,0x00000000fbf00000)
  from space 25600K, 99% used [0x00000000fe500000,0x00000000ffdfcfe8,0x00000000ffe00000)
  to   space 33280K, 0% used [0x00000000fbf00000,0x00000000fbf00000,0x00000000fdf80000)
 ParOldGen       total 175104K, used 107147K [0x00000000e0000000, 0x00000000eab00000, 0x00000000f5580000)
  object space 175104K, 61% used [0x00000000e0000000,0x00000000e68a2c90,0x00000000eab00000)
 Metaspace       used 73326K, capacity 78100K, committed 78208K, reserved 1116160K
  class space    used 10235K, capacity 11364K, committed 11392K, reserved 1048576K
}

